<?xml version="1.0" encoding="UTF-8"?>
<!-- Generated by org.testng.reporters.JUnitXMLReporter -->
<testsuite ignored="0" hostname="LAPTOP-BNFJ01FM" failures="0" tests="1" name="Default test(failed)" time="18.037" errors="0" timestamp="2022-06-28T23:16:32 IST">
  <testcase classname="Test_on_Kite.Test_Kite" name="@AfterMethod captureScreenshot" time="0.006">
    <failure type="java.lang.NullPointerException" message="Cannot invoke &amp;quot;UtilPackage.UtilityClass.takesScreenshot(String, org.openqa.selenium.WebDriver)&amp;quot; because &amp;quot;this.utility&amp;quot; is null">
      <![CDATA[java.lang.NullPointerException: Cannot invoke "UtilPackage.UtilityClass.takesScreenshot(String, org.openqa.selenium.WebDriver)" because "this.utility" is null
at Test_on_Kite.Test_Kite.captureScreenshot(Test_Kite.java:62)
at java.base/java.util.ArrayList.forEach(ArrayList.java:1511)
... Removed 30 stack frames]]>
    </failure>
  </testcase> <!-- @AfterMethod captureScreenshot -->
  <testcase classname="Test_on_Kite.Test_Kite" name="@AfterClass closeBrowser" time="-1.656438392472E9">
    <skipped/>
  </testcase> <!-- @AfterClass closeBrowser -->
  <testcase classname="Test_on_Kite.Test_Kite" name="loginPage" time="11.109"/>
</testsuite> <!-- Default test(failed) -->
