<?xml version="1.0" encoding="UTF-8"?>
<!-- Generated by org.testng.reporters.JUnitXMLReporter -->
<testsuite ignored="0" hostname="LAPTOP-BNFJ01FM" failures="0" tests="12" name="Test" time="0.052" errors="0" timestamp="2022-06-20T23:36:32 IST">
  <testcase classname="Test_package.TestClass_Annotation" name="a01" time="0.004"/>
  <testcase classname="Test_package.TestClass_InvocationCountkeyword" name="a01" time="0.005"/>
  <testcase classname="Test_package.TestClass_InvocationCountkeyword" name="a01" time="0.001"/>
  <testcase classname="Test_package.TestClass_Annotation" name="b02" time="0.002"/>
  <testcase classname="Test_package.TestClass_InvocationCountkeyword" name="e05" time="0.001"/>
  <testcase classname="Test_package.TestClass_Annotation" name="c03" time="0.001"/>
  <testcase classname="Test_package.TestClass_Annotation" name="d04" time="0.001"/>
  <testcase classname="Test_package.TestClass_InvocationCountkeyword" name="b02" time="0.004"/>
  <testcase classname="Test_package.TestClass_InvocationCountkeyword" name="c03" time="0.002"/>
  <testcase classname="Test_package.TestClass_InvocationCountkeyword" name="c03" time="0.001"/>
  <testcase classname="Test_package.TestClass_InvocationCountkeyword" name="c03" time="0.002"/>
  <testcase classname="Test_package.TestClass_InvocationCountkeyword" name="d04" time="0.001"/>
</testsuite> <!-- Test -->
