<?xml version="1.0" encoding="UTF-8"?>
<testng-results ignored="0" total="1" passed="1" failed="0" skipped="0">
  <reporter-output>
  </reporter-output>
  <suite started-at="2022-06-28T23:16:14 IST" name="Failed suite [Default suite]" finished-at="2022-06-28T23:16:32 IST" duration-ms="18037">
    <groups>
    </groups>
    <test started-at="2022-06-28T23:16:14 IST" name="Default test(failed)" finished-at="2022-06-28T23:16:32 IST" duration-ms="18037">
      <class name="Test_on_Kite.Test_Kite">
        <test-method is-config="true" signature="launchBrowsers()[pri:0, instance:Test_on_Kite.Test_Kite@635eaaf1]" started-at="2022-06-28T23:16:14 IST" name="launchBrowsers" finished-at="2022-06-28T23:16:17 IST" duration-ms="2721" status="PASS">
          <reporter-output>
          </reporter-output>
        </test-method> <!-- launchBrowsers -->
        <test-method is-config="true" signature="geturl()[pri:0, instance:Test_on_Kite.Test_Kite@635eaaf1]" started-at="2022-06-28T23:16:17 IST" name="geturl" finished-at="2022-06-28T23:16:21 IST" duration-ms="4160" status="PASS">
          <reporter-output>
          </reporter-output>
        </test-method> <!-- geturl -->
        <test-method signature="loginPage()[pri:0, instance:Test_on_Kite.Test_Kite@635eaaf1]" started-at="2022-06-28T23:16:21 IST" name="loginPage" finished-at="2022-06-28T23:16:32 IST" duration-ms="11109" status="PASS">
          <reporter-output>
          </reporter-output>
        </test-method> <!-- loginPage -->
        <test-method is-config="true" signature="captureScreenshot(org.testng.ITestResult)[pri:0, instance:Test_on_Kite.Test_Kite@635eaaf1]" started-at="2022-06-28T23:16:32 IST" name="captureScreenshot" finished-at="2022-06-28T23:16:32 IST" duration-ms="6" status="FAIL">
          <params>
            <param index="0">
              <value>
                <![CDATA[[TestResult name=loginPage status=SUCCESS method=Test_Kite.loginPage()[pri:0, instance:Test_on_Kite.Test_Kite@635eaaf1] output={null}]]]>
              </value>
            </param>
          </params>
          <exception class="java.lang.NullPointerException">
            <message>
              <![CDATA[Cannot invoke "UtilPackage.UtilityClass.takesScreenshot(String, org.openqa.selenium.WebDriver)" because "this.utility" is null]]>
            </message>
            <full-stacktrace>
              <![CDATA[java.lang.NullPointerException: Cannot invoke "UtilPackage.UtilityClass.takesScreenshot(String, org.openqa.selenium.WebDriver)" because "this.utility" is null
at Test_on_Kite.Test_Kite.captureScreenshot(Test_Kite.java:62)
at java.base/jdk.internal.reflect.DirectMethodHandleAccessor.invoke(DirectMethodHandleAccessor.java:104)
at java.base/java.lang.reflect.Method.invoke(Method.java:577)
at org.testng.internal.MethodInvocationHelper.invokeMethod(MethodInvocationHelper.java:133)
at org.testng.internal.MethodInvocationHelper.invokeMethodConsideringTimeout(MethodInvocationHelper.java:62)
at org.testng.internal.ConfigInvoker.invokeConfigurationMethod(ConfigInvoker.java:385)
at org.testng.internal.ConfigInvoker.invokeConfigurations(ConfigInvoker.java:321)
at org.testng.internal.TestInvoker.runConfigMethods(TestInvoker.java:700)
at org.testng.internal.TestInvoker.runAfterGroupsConfigurations(TestInvoker.java:676)
at org.testng.internal.TestInvoker.invokeMethod(TestInvoker.java:660)
at org.testng.internal.TestInvoker.invokeTestMethod(TestInvoker.java:173)
at org.testng.internal.MethodRunner.runInSequence(MethodRunner.java:46)
at org.testng.internal.TestInvoker$MethodInvocationAgent.invoke(TestInvoker.java:824)
at org.testng.internal.TestInvoker.invokeTestMethods(TestInvoker.java:146)
at org.testng.internal.TestMethodWorker.invokeTestMethods(TestMethodWorker.java:146)
at org.testng.internal.TestMethodWorker.run(TestMethodWorker.java:128)
at java.base/java.util.ArrayList.forEach(ArrayList.java:1511)
at org.testng.TestRunner.privateRun(TestRunner.java:794)
at org.testng.TestRunner.run(TestRunner.java:596)
at org.testng.SuiteRunner.runTest(SuiteRunner.java:377)
at org.testng.SuiteRunner.runSequentially(SuiteRunner.java:371)
at org.testng.SuiteRunner.privateRun(SuiteRunner.java:332)
at org.testng.SuiteRunner.run(SuiteRunner.java:276)
at org.testng.SuiteRunnerWorker.runSuite(SuiteRunnerWorker.java:53)
at org.testng.SuiteRunnerWorker.run(SuiteRunnerWorker.java:96)
at org.testng.TestNG.runSuitesSequentially(TestNG.java:1212)
at org.testng.TestNG.runSuitesLocally(TestNG.java:1134)
at org.testng.TestNG.runSuites(TestNG.java:1063)
at org.testng.TestNG.run(TestNG.java:1031)
at org.testng.remote.AbstractRemoteTestNG.run(AbstractRemoteTestNG.java:115)
at org.testng.remote.RemoteTestNG.initAndRun(RemoteTestNG.java:251)
at org.testng.remote.RemoteTestNG.main(RemoteTestNG.java:77)
]]>
            </full-stacktrace>
          </exception> <!-- java.lang.NullPointerException -->
          <reporter-output>
          </reporter-output>
        </test-method> <!-- captureScreenshot -->
        <test-method is-config="true" signature="closeBrowser()[pri:0, instance:Test_on_Kite.Test_Kite@635eaaf1]" started-at="2022-06-28T23:16:32 IST" name="closeBrowser" finished-at="1970-01-01T05:30:00 IST" duration-ms="-1656438392472" status="SKIP">
          <reporter-output>
          </reporter-output>
        </test-method> <!-- closeBrowser -->
      </class> <!-- Test_on_Kite.Test_Kite -->
    </test> <!-- Default test(failed) -->
  </suite> <!-- Failed suite [Default suite] -->
</testng-results>
